This is pdfTeX, Version 3.141592653-2.6-1.40.22 (TeX Live 2021) (preloaded format=pdflatex 2022.3.9)  12 JAN 2023 15:59
entering extended mode
 restricted \write18 enabled.
 %&-line parsing enabled.
**quiz1.tex
(./quiz1.tex
LaTeX2e <2020-10-01> patch level 4
L3 programming layer <2021-02-18>
(/usr/local/texlive/2021/texmf-dist/tex/latex/exam/exam.cls
Document Class: exam 2021/02/26 Version 2.7 by Philip Hirschhorn
(/usr/local/texlive/2021/texmf-dist/tex/latex/base/ifthen.sty
Package: ifthen 2014/09/29 v1.1c Standard LaTeX ifthen package (DPC)
)
(/usr/local/texlive/2021/texmf-dist/tex/latex/base/article.cls
Document Class: article 2020/04/10 v1.4m Standard LaTeX document class
(/usr/local/texlive/2021/texmf-dist/tex/latex/base/size10.clo
File: size10.clo 2020/04/10 v1.4m Standard LaTeX file (size option)
)
\c@part=\count179
\c@section=\count180
\c@subsection=\count181
\c@subsubsection=\count182
\c@paragraph=\count183
\c@subparagraph=\count184
\c@figure=\count185
\c@table=\count186
\abovecaptionskip=\skip47
\belowcaptionskip=\skip48
\bibindent=\dimen138
)
\@extrawidth=\skip49
\@rightmargin=\skip50
\@extrahead=\skip51
\@extrafoot=\skip52
\run@exhd=\skip53
\fp@exhd=\skip54
\run@exft=\skip55
\fp@exft=\skip56
\covrun@exhd=\skip57
\covfp@exhd=\skip58
\covrun@exft=\skip59
\covfp@exft=\skip60
\c@num@coverpages=\count187
\c@latest@ques=\count188
\c@ques@end=\count189
\c@last@object=\count190
\c@incmp@ques=\count191
\c@next@ques=\count192
\c@next@page=\count193
\c@tmp@hlfcntr=\count194
\c@ifpos@cntr=\count195
\c@question=\count196
\c@partno=\count197
\c@subpart=\count198
\c@subsubpart=\count199
\c@choice=\count266
\c@numpoints=\count267
\c@numbonuspoints=\count268
\c@pointsof@thisquestion=\count269
\c@bonuspointsof@thisquestion=\count270
\c@numquestions=\count271
\c@numparts=\count272
\c@numsubparts=\count273
\c@numsubsubparts=\count274
\c@Curr@Page=\count275
\c@@pagepoints=\count276
\c@@pagebonuspoints=\count277
\c@pageof@pagepoints=\count278
\c@pageof@pagebonuspoints=\count279
\c@latest@points=\count280
\c@latest@bonuspoints=\count281
\pageinfo@commands=\toks15
\temp@toks=\toks16
\pagepoint@commands=\toks17
\point@toks=\toks18
\c@ques@object=\count282
\marginpointssep=\skip61
\rightpointsmargin=\skip62
\choice@toks=\toks19
\answerlinelength=\skip63
\answerskip=\skip64
\answerclearance=\skip65
\fillinlinelength=\skip66
\linefillheight=\skip67
\linefillthickness=\skip68
\dottedlinefillheight=\skip69
\gridsize=\skip70
\gridlinewidth=\skip71
\minboxheight=\skip72
\c@@iterator=\count283
\@cellwidth=\skip73
\c@tbl@points=\count284
\c@tbl@bonuspoints=\count285
\c@pq@index=\count286
\c@pq@index@pts=\count287
\c@pq@index@bpts=\count288
\c@num@cols=\count289
\c@num@rows=\count290
\c@current@row=\count291
\c@cols@done=\count292
\exam@box=\box47
\saved@totalleftmargin=\dimen139
\@sollistdepth=\count293
\exam@FrameRule=\dimen140
\exam@FrameSep=\dimen141
)
(/usr/local/texlive/2021/texmf-dist/tex/latex/l3backend/l3backend-pdftex.def
File: l3backend-pdftex.def 2021-03-18 L3 backend support: PDF output (pdfTeX)
\l__color_backend_stack_int=\count294
\l__pdf_internal_box=\box48
)
(./quiz1.aux)
\openout1 = `quiz1.aux'.

LaTeX Font Info:    Checking defaults for OML/cmm/m/it on input line 2.
LaTeX Font Info:    ... okay on input line 2.
LaTeX Font Info:    Checking defaults for OMS/cmsy/m/n on input line 2.
LaTeX Font Info:    ... okay on input line 2.
LaTeX Font Info:    Checking defaults for OT1/cmr/m/n on input line 2.
LaTeX Font Info:    ... okay on input line 2.
LaTeX Font Info:    Checking defaults for T1/cmr/m/n on input line 2.
LaTeX Font Info:    ... okay on input line 2.
LaTeX Font Info:    Checking defaults for TS1/cmr/m/n on input line 2.
LaTeX Font Info:    ... okay on input line 2.
LaTeX Font Info:    Checking defaults for OMX/cmex/m/n on input line 2.
LaTeX Font Info:    ... okay on input line 2.
LaTeX Font Info:    Checking defaults for U/cmr/m/n on input line 2.
LaTeX Font Info:    ... okay on input line 2.


! LaTeX Error: Can be used only in preamble.

See the LaTeX manual or LaTeX Companion for explanation.
Type  H <return>  for immediate help.
 ...                                              
                                                  
l.3 \usepackage
               {siunitx}
? 

! LaTeX Error: There's no line here to end.

See the LaTeX manual or LaTeX Companion for explanation.
Type  H <return>  for immediate help.
 ...                                              
                                                  
l.12 ...bf{Maximum Marks: 20} \end{flushright}  \\
                                                  
? 
LaTeX Font Info:    External font `cmex10' loaded for size
(Font)              <12> on input line 17.
LaTeX Font Info:    External font `cmex10' loaded for size
(Font)              <8> on input line 17.
LaTeX Font Info:    External font `cmex10' loaded for size
(Font)              <6> on input line 17.

Underfull \hbox (badness 10000) in paragraph at lines 24--25

 []


Underfull \hbox (badness 10000) in paragraph at lines 25--26

 []


Underfull \hbox (badness 10000) in paragraph at lines 26--27

 []

LaTeX Font Info:    External font `cmex10' loaded for size
(Font)              <7> on input line 28.
LaTeX Font Info:    External font `cmex10' loaded for size
(Font)              <5> on input line 28.

LaTeX Warning: Command \r invalid in math mode on input line 28.


Underfull \hbox (badness 10000) in paragraph at lines 30--31

 []

! Missing $ inserted.
<inserted text> 
                $
l.32 	1 \textit{e}  = 1.602 \times
                                  {10 $^{-19}$ coulomb}. \\
? 
! Missing } inserted.
<inserted text> 
                }
l.32 	1 \textit{e}  = 1.602 \times{10 $
                                       ^{-19}$ coulomb}. \\
? 
! Missing $ inserted.
<inserted text> 
                $
l.32 	1 \textit{e}  = 1.602 \times{10 $^
                                        {-19}$ coulomb}. \\
? 
! Extra }, or forgotten \endgroup.
l.32 ...it{e}  = 1.602 \times{10 $^{-19}$ coulomb}
                                                  . \\
? 

Underfull \hbox (badness 10000) in paragraph at lines 32--33

 []

! Missing $ inserted.
<inserted text> 
                $
l.34 	1amu = 1.66 \times
                        {10 $^{-27}$ kg}. \\
? 
! Missing } inserted.
<inserted text> 
                }
l.34 	1amu = 1.66 \times{10 $
                             ^{-27}$ kg}. \\
? 
! Missing $ inserted.
<inserted text> 
                $
l.34 	1amu = 1.66 \times{10 $^
                              {-27}$ kg}. \\
? 
! Extra }, or forgotten \endgroup.
l.34 	1amu = 1.66 \times{10 $^{-27}$ kg}
                                        . \\
? 

Underfull \hbox (badness 10000) in paragraph at lines 34--35

 []

! Missing $ inserted.
<inserted text> 
                $
l.36 	permittivity of free space 8.85 \times
                                            {10  $^{-12}$ F/m} \\
? 
! Missing } inserted.
<inserted text> 
                }
l.36 	permittivity of free space 8.85 \times{10  $
                                                  ^{-12}$ F/m} \\
? 
! Missing $ inserted.
<inserted text> 
                $
l.36 ...mittivity of free space 8.85 \times{10  $^
                                                  {-12}$ F/m} \\
? 
! Extra }, or forgotten \endgroup.
l.36 ...f free space 8.85 \times{10  $^{-12}$ F/m}
                                                   \\
? 

Underfull \hbox (badness 10000) in paragraph at lines 36--37

 []

! Missing $ inserted.
<inserted text> 
                $
l.38 	gravitational force constant is 6.67\times
                                                {10 $^{-11}$ m $^{3}$ kg$^{-...

? 
! Missing } inserted.
<inserted text> 
                }
l.38 ...tational force constant is 6.67\times{10 $
                                                  ^{-11}$ m $^{3}$ kg$^{-1} ...

? 
! Missing $ inserted.
<inserted text> 
                $
l.38 ...ational force constant is 6.67\times{10 $^
                                                  {-11}$ m $^{3}$ kg$^{-1} s...

? 
! Missing $ inserted.
<inserted text> 
                $
l.38 ...7\times{10 $^{-11}$ m $^{3}$ kg$^{-1} s $^
                                                  {-2}$} \\
? 
! Extra }, or forgotten \endgroup.
l.38 ...s{10 $^{-11}$ m $^{3}$ kg$^{-1} s $^{-2}$}
                                                   \\
? 

Underfull \hbox (badness 10000) in paragraph at lines 38--39

 []

[1

{/usr/local/texlive/2021/texmf-var/fonts/map/pdftex/updmap/pdftex.map}]
This exam contains 4 questions with 0 parts, 0 subparts, and 0 subsubparts.
(./quiz1.aux) ) 
Here is how much of TeX's memory you used:
 1505 strings out of 478994
 22572 string characters out of 5858185
 327376 words of memory out of 5000000
 19054 multiletter control sequences out of 15000+600000
 407127 words of font info for 39 fonts, out of 8000000 for 9000
 1141 hyphenation exceptions out of 8191
 58i,9n,64p,360b,197s stack positions out of 5000i,500n,10000p,200000b,80000s
</usr/local/texlive/2021/texmf-dist/fonts/type1/public/amsfonts/
cm/cmbx10.pfb></usr/local/texlive/2021/texmf-dist/fonts/type1/public/amsfonts/c
m/cmbx12.pfb></usr/local/texlive/2021/texmf-dist/fonts/type1/public/amsfonts/cm
/cmmi10.pfb></usr/local/texlive/2021/texmf-dist/fonts/type1/public/amsfonts/cm/
cmr10.pfb></usr/local/texlive/2021/texmf-dist/fonts/type1/public/amsfonts/cm/cm
r7.pfb></usr/local/texlive/2021/texmf-dist/fonts/type1/public/amsfonts/cm/cmsy1
0.pfb></usr/local/texlive/2021/texmf-dist/fonts/type1/public/amsfonts/cm/cmsy7.
pfb></usr/local/texlive/2021/texmf-dist/fonts/type1/public/amsfonts/cm/cmti10.p
fb>
Output written on quiz1.pdf (1 page, 86505 bytes).
PDF statistics:
 40 PDF objects out of 1000 (max. 8388607)
 28 compressed objects within 1 object stream
 0 named destinations out of 1000 (max. 500000)
 1 words of extra memory for PDF output out of 10000 (max. 10000000)

